vision-quickstart/app/build/outputs/logs/manifest-merger-debug-report.txt
-- Merging decision tree log ---
manifest
ADDED from src\main\AndroidManifest.xml:2:1-118:12
INJECTED from src\main\AndroidManifest.xml:2:1-118:12
INJECTED from src\main\AndroidManifest.xml:2:1-118:12
INJECTED from src\main\AndroidManifest.xml:2:1-118:12
MERGED from [androidx.multidex:multidex:2.0.1] AndroidManifest.xml:17:1-22:12
MERGED from [com.google.mlkit:pose-detection:18.0.0-beta3] AndroidManifest.xml:2:1-9:12
MERGED from [com.google.mlkit:pose-detection-accurate:18.0.0-beta3] AndroidManifest.xml:2:1-9:12
MERGED from [com.google.mlkit:pose-detection-common:18.0.0-beta3] AndroidManifest.xml:2:1-35:12
MERGED from [com.google.mlkit:acceleration:16.0.0-beta1] AndroidManifest.xml:2:1-14:12
MERGED from [androidx.work:work-multiprocess:2.7.0] AndroidManifest.xml:17:1-30:12
MERGED from [androidx.work:work-runtime-ktx:2.7.0] AndroidManifest.xml:17:1-24:12
MERGED from [com.google.mlkit:barcode-scanning:17.0.2] AndroidManifest.xml:2:1-7:12
MERGED from [com.google.mlkit:object-detection:17.0.0] AndroidManifest.xml:2:1-20:12
MERGED from [com.google.mlkit:object-detection-custom:17.0.0] AndroidManifest.xml:2:1-17:12
MERGED from [com.google.mlkit:face-detection:16.1.5] AndroidManifest.xml:2:1-8:12
MERGED from [com.google.mlkit:text-recognition:16.0.0-beta6] AndroidManifest.xml:2:1-7:12
MERGED from [com.google.mlkit:text-recognition-chinese:16.0.0-beta6] AndroidManifest.xml:2:1-7:12
MERGED from [com.google.mlkit:text-recognition-devanagari:16.0.0-beta6] AndroidManifest.xml:2:1-7:12
MERGED from [com.google.mlkit:text-recognition-japanese:16.0.0-beta6] AndroidManifest.xml:2:1-7:12
MERGED from [com.google.mlkit:text-recognition-korean:16.0.0-beta6] AndroidManifest.xml:2:1-7:12
MERGED from [com.google.mlkit:image-labeling:17.0.7] AndroidManifest.xml:2:1-17:12
MERGED from [com.google.mlkit:image-labeling-custom:17.0.1] AndroidManifest.xml:2:1-17:12
MERGED from [com.google.mlkit:segmentation-selfie:16.0.0-beta4] AndroidManifest.xml:2:1-18:12
MERGED from [com.google.mlkit:camera:16.0.0-beta3] AndroidManifest.xml:2:1-8:12
MERGED from [com.google.mlkit:face-mesh-detection:16.0.0-beta1] AndroidManifest.xml:2:1-17:12
MERGED from [androidx.lifecycle:lifecycle-extensions:2.1.0] AndroidManifest.xml:17:1-25:12
MERGED from [androidx.camera:camera-camera2:1.0.0-SNAPSHOT] AndroidManifest.xml:17:1-24:12
MERGED from [androidx.camera:camera-view:1.0.0-SNAPSHOT] AndroidManifest.xml:17:1-24:12
MERGED from [androidx.camera:camera-lifecycle:1.0.0-SNAPSHOT] AndroidManifest.xml:17:1-24:12
MERGED from [androidx.camera:camera-core:1.0.0-SNAPSHOT] AndroidManifest.xml:17:1-24:12
MERGED from [androidx.constraintlayout:constraintlayout:2.0.4] AndroidManifest.xml:2:1-11:12
MERGED from [androidx.appcompat:appcompat:1.2.0] AndroidManifest.xml:17:1-24:12
MERGED from [com.google.android.gms:play-services-mlkit-barcode-scanning:18.0.0] AndroidManifest.xml:2:1-18:12
MERGED from [com.google.mlkit:vision-internal-vkp:18.2.2] AndroidManifest.xml:2:1-20:12
MERGED from [com.google.android.gms:play-services-mlkit-face-detection:17.0.1] AndroidManifest.xml:2:1-18:12
MERGED from [com.google.mlkit:object-detection-common:18.0.0] AndroidManifest.xml:2:1-7:12
MERGED from [com.google.android.gms:play-services-mlkit-text-recognition:18.0.2] AndroidManifest.xml:2:1-8:12
MERGED from [com.google.mlkit:text-recognition-bundled-common:16.0.0-beta6] AndroidManifest.xml:2:1-7:12
MERGED from [com.google.android.gms:play-services-mlkit-text-recognition-common:18.0.0] AndroidManifest.xml:2:1-18:12
MERGED from [com.google.mlkit:image-labeling-default-common:17.0.0] AndroidManifest.xml:2:1-7:12
MERGED from [com.google.mlkit:image-labeling-custom-common:17.0.0] AndroidManifest.xml:2:1-7:12
MERGED from [com.google.mlkit:image-labeling-common:18.0.0] AndroidManifest.xml:2:1-7:12
MERGED from [com.google.mlkit:mediapipe-internal:17.0.0-beta8] AndroidManifest.xml:2:1-8:12
MERGED from [com.google.mlkit:barcode-scanning-common:17.0.0] AndroidManifest.xml:2:1-7:12
MERGED from [com.google.mlkit:vision-common:17.2.1] AndroidManifest.xml:2:1-18:12
MERGED from [com.google.mlkit:common:18.5.0] AndroidManifest.xml:2:1-26:12
MERGED from [com.google.android.gms:play-services-base:18.1.0] AndroidManifest.xml:16:1-24:12
MERGED from [com.google.mlkit:vision-interfaces:16.1.0] AndroidManifest.xml:2:1-7:12
MERGED from [com.google.android.gms:play-services-tasks:18.0.2] AndroidManifest.xml:2:1-6:12
MERGED from [com.google.android.gms:play-services-basement:18.1.0] AndroidManifest.xml:16:1-26:12
MERGED from [androidx.fragment:fragment:1.1.0] AndroidManifest.xml:17:1-24:12
MERGED from [androidx.loader:loader:1.0.0] AndroidManifest.xml:17:1-22:12
MERGED from [androidx.work:work-runtime:2.7.0] AndroidManifest.xml:17:1-145:12
MERGED from [androidx.lifecycle:lifecycle-livedata:2.3.1] AndroidManifest.xml:17:1-24:12
MERGED from [androidx.activity:activity:1.0.0] AndroidManifest.xml:17:1-24:12
MERGED from [androidx.lifecycle:lifecycle-viewmodel:2.3.1] AndroidManifest.xml:17:1-24:12
MERGED from [com.google.android.datatransport:transport-backend-cct:2.3.3] AndroidManifest.xml:15:1-38:12
MERGED from [com.google.android.datatransport:transport-runtime:2.2.6] AndroidManifest.xml:15:1-41:12
MERGED from [com.google.android.datatransport:transport-api:2.2.1] AndroidManifest.xml:15:1-22:12
MERGED from [com.google.firebase:firebase-components:16.1.0] AndroidManifest.xml:15:1-23:12
MERGED from [com.google.firebase:firebase-encoders-json:17.1.0] AndroidManifest.xml:15:1-23:12
MERGED from [androidx.lifecycle:lifecycle-livedata-core:2.3.1] AndroidManifest.xml:17:1-24:12
MERGED from [androidx.room:room-runtime:2.2.5] AndroidManifest.xml:17:1-31:12
MERGED from [androidx.arch.core:core-runtime:2.1.0] AndroidManifest.xml:17:1-24:12
MERGED from [androidx.lifecycle:lifecycle-process:2.1.0] AndroidManifest.xml:17:1-30:12
MERGED from [androidx.lifecycle:lifecycle-service:2.1.0] AndroidManifest.xml:17:1-22:12
MERGED from [androidx.appcompat:appcompat-resources:1.2.0] AndroidManifest.xml:17:1-24:12
MERGED from [androidx.drawerlayout:drawerlayout:1.0.0] AndroidManifest.xml:17:1-22:12
MERGED from [androidx.viewpager:viewpager:1.0.0] AndroidManifest.xml:17:1-22:12
MERGED from [androidx.vectordrawable:vectordrawable-animated:1.1.0] AndroidManifest.xml:17:1-24:12
MERGED from [androidx.vectordrawable:vectordrawable:1.1.0] AndroidManifest.xml:17:1-24:12
MERGED from [androidx.customview:customview:1.0.0] AndroidManifest.xml:17:1-22:12
MERGED from [androidx.core:core:1.6.0] AndroidManifest.xml:17:1-26:12
MERGED from [androidx.lifecycle:lifecycle-runtime:2.1.0] AndroidManifest.xml:17:1-22:12
MERGED from [androidx.savedstate:savedstate:1.0.0] AndroidManifest.xml:17:1-24:12
MERGED from [androidx.cursoradapter:cursoradapter:1.0.0] AndroidManifest.xml:17:1-22:12
MERGED from [androidx.exifinterface:exifinterface:1.0.0] AndroidManifest.xml:17:1-22:12
MERGED from [androidx.versionedparcelable:versionedparcelable:1.1.1] AndroidManifest.xml:17:1-27:12
MERGED from [androidx.interpolator:interpolator:1.0.0] AndroidManifest.xml:17:1-22:12
MERGED from [androidx.startup:startup-runtime:1.0.0] AndroidManifest.xml:17:1-33:12
MERGED from [androidx.sqlite:sqlite-framework:2.1.0] AndroidManifest.xml:17:1-24:12
MERGED from [androidx.sqlite:sqlite:2.1.0] AndroidManifest.xml:17:1-24:12
MERGED from [androidx.tracing:tracing:1.0.0] AndroidManifest.xml:17:1-24:12
MERGED from [com.google.android.odml:image:1.0.0-beta1] AndroidManifest.xml:2:1-9:12
MERGED from [androidx.annotation:annotation-experimental:1.1.0] AndroidManifest.xml:17:1-24:12
INJECTED from src\main\AndroidManifest.xml:2:1-118:12
INJECTED from src\main\AndroidManifest.xml:2:1-118:12
INJECTED from src\main\AndroidManifest.xml:2:1-118:12
	package
		INJECTED from src\main\AndroidManifest.xml
		ADDED from src\main\AndroidManifest.xml:2:1-118:12
		INJECTED from src\main\AndroidManifest.xml
	android:versionName
		INJECTED from src\main\AndroidManifest.xml
		ADDED from src\main\AndroidManifest.xml:2:1-118:12
		INJECTED from src\main\AndroidManifest.xml
	xmlns:tools
		ADDED from src\main\AndroidManifest.xml:4:5-51
	android:versionCode
		INJECTED from src\main\AndroidManifest.xml
		ADDED from src\main\AndroidManifest.xml:2:1-118:12
		INJECTED from src\main\AndroidManifest.xml
	xmlns:android
		ADDED from src\main\AndroidManifest.xml:3:5-63
	android:installLocation
		ADDED from src\main\AndroidManifest.xml:5:5-35
uses-sdk
ADDED from src\main\AndroidManifest.xml:11:5-14:63
INJECTED from src\main\AndroidManifest.xml:11:5-14:63
INJECTED from src\main\AndroidManifest.xml:11:5-14:63
MERGED from [androidx.multidex:multidex:2.0.1] AndroidManifest.xml:20:5-43
MERGED from [androidx.multidex:multidex:2.0.1] AndroidManifest.xml:20:5-43
MERGED from [com.google.mlkit:pose-detection:18.0.0-beta3] AndroidManifest.xml:5:5-44
MERGED from [com.google.mlkit:pose-detection:18.0.0-beta3] AndroidManifest.xml:5:5-44
MERGED from [com.google.mlkit:pose-detection-accurate:18.0.0-beta3] AndroidManifest.xml:5:5-44
MERGED from [com.google.mlkit:pose-detection-accurate:18.0.0-beta3] AndroidManifest.xml:5:5-44
MERGED from [com.google.mlkit:pose-detection-common:18.0.0-beta3] AndroidManifest.xml:5:5-44
MERGED from [com.google.mlkit:pose-detection-common:18.0.0-beta3] AndroidManifest.xml:5:5-44
MERGED from [com.google.mlkit:acceleration:16.0.0-beta1] AndroidManifest.xml:5:5-44
MERGED from [com.google.mlkit:acceleration:16.0.0-beta1] AndroidManifest.xml:5:5-44
MERGED from [androidx.work:work-multiprocess:2.7.0] AndroidManifest.xml:20:5-22:41
MERGED from [androidx.work:work-multiprocess:2.7.0] AndroidManifest.xml:20:5-22:41
MERGED from [androidx.work:work-runtime-ktx:2.7.0] AndroidManifest.xml:20:5-22:41
MERGED from [androidx.work:work-runtime-ktx:2.7.0] AndroidManifest.xml:20:5-22:41
MERGED from [com.google.mlkit:barcode-scanning:17.0.2] AndroidManifest.xml:5:5-44
MERGED from [com.google.mlkit:barcode-scanning:17.0.2] AndroidManifest.xml:5:5-44
MERGED from [com.google.mlkit:object-detection:17.0.0] AndroidManifest.xml:5:5-44
MERGED from [com.google.mlkit:object-detection:17.0.0] AndroidManifest.xml:5:5-44
MERGED from [com.google.mlkit:object-detection-custom:17.0.0] AndroidManifest.xml:5:5-44
MERGED from [com.google.mlkit:object-detection-custom:17.0.0] AndroidManifest.xml:5:5-44
MERGED from [com.google.mlkit:face-detection:16.1.5] AndroidManifest.xml:6:5-44
MERGED from [com.google.mlkit:face-detection:16.1.5] AndroidManifest.xml:6:5-44
MERGED from [com.google.mlkit:text-recognition:16.0.0-beta6] AndroidManifest.xml:5:5-44
MERGED from [com.google.mlkit:text-recognition:16.0.0-beta6] AndroidManifest.xml:5:5-44
MERGED from [com.google.mlkit:text-recognition-chinese:16.0.0-beta6] AndroidManifest.xml:5:5-44
MERGED from [com.google.mlkit:text-recognition-chinese:16.0.0-beta6] AndroidManifest.xml:5:5-44
MERGED from [com.google.mlkit:text-recognition-devanagari:16.0.0-beta6] AndroidManifest.xml:5:5-44
MERGED from [com.google.mlkit:text-recognition-devanagari:16.0.0-beta6] AndroidManifest.xml:5:5-44
MERGED from [com.google.mlkit:text-recognition-japanese:16.0.0-beta6] AndroidManifest.xml:5:5-44
MERGED from [com.google.mlkit:text-recognition-japanese:16.0.0-beta6] AndroidManifest.xml:5:5-44
MERGED from [com.google.mlkit:text-recognition-korean:16.0.0-beta6] AndroidManifest.xml:5:5-44
MERGED from [com.google.mlkit:text-recognition-korean:16.0.0-beta6] AndroidManifest.xml:5:5-44
MERGED from [com.google.mlkit:image-labeling:17.0.7] AndroidManifest.xml:5:5-44
MERGED from [com.google.mlkit:image-labeling:17.0.7] AndroidManifest.xml:5:5-44
MERGED from [com.google.mlkit:image-labeling-custom:17.0.1] AndroidManifest.xml:5:5-44
MERGED from [com.google.mlkit:image-labeling-custom:17.0.1] AndroidManifest.xml:5:5-44
MERGED from [com.google.mlkit:segmentation-selfie:16.0.0-beta4] AndroidManifest.xml:6:5-44
MERGED from [com.google.mlkit:segmentation-selfie:16.0.0-beta4] AndroidManifest.xml:6:5-44
MERGED from [com.google.mlkit:camera:16.0.0-beta3] AndroidManifest.xml:6:5-44
MERGED from [com.google.mlkit:camera:16.0.0-beta3] AndroidManifest.xml:6:5-44
MERGED from [com.google.mlkit:face-mesh-detection:16.0.0-beta1] AndroidManifest.xml:5:5-44
MERGED from [com.google.mlkit:face-mesh-detection:16.0.0-beta1] AndroidManifest.xml:5:5-44
MERGED from [androidx.lifecycle:lifecycle-extensions:2.1.0] AndroidManifest.xml:20:5-44
MERGED from [androidx.lifecycle:lifecycle-extensions:2.1.0] AndroidManifest.xml:20:5-44
MERGED from [androidx.camera:camera-camera2:1.0.0-SNAPSHOT] AndroidManifest.xml:20:5-22:41
MERGED from [androidx.camera:camera-camera2:1.0.0-SNAPSHOT] AndroidManifest.xml:20:5-22:41
MERGED from [androidx.camera:camera-view:1.0.0-SNAPSHOT] AndroidManifest.xml:20:5-22:41
MERGED from [androidx.camera:camera-view:1.0.0-SNAPSHOT] AndroidManifest.xml:20:5-22:41
MERGED from [androidx.camera:camera-lifecycle:1.0.0-SNAPSHOT] AndroidManifest.xml:20:5-22:41
MERGED from [androidx.camera:camera-lifecycle:1.0.0-SNAPSHOT] AndroidManifest.xml:20:5-22:41
MERGED from [androidx.camera:camera-core:1.0.0-SNAPSHOT] AndroidManifest.xml:20:5-22:41
MERGED from [androidx.camera:camera-core:1.0.0-SNAPSHOT] AndroidManifest.xml:20:5-22:41
MERGED from [androidx.constraintlayout:constraintlayout:2.0.4] AndroidManifest.xml:5:5-7:41
MERGED from [androidx.constraintlayout:constraintlayout:2.0.4] AndroidManifest.xml:5:5-7:41
MERGED from [androidx.appcompat:appcompat:1.2.0] AndroidManifest.xml:20:5-22:41
MERGED from [androidx.appcompat:appcompat:1.2.0] AndroidManifest.xml:20:5-22:41
MERGED from [com.google.android.gms:play-services-mlkit-barcode-scanning:18.0.0] AndroidManifest.xml:6:5-44
MERGED from [com.google.android.gms:play-services-mlkit-barcode-scanning:18.0.0] AndroidManifest.xml:6:5-44
MERGED from [com.google.mlkit:vision-internal-vkp:18.2.2] AndroidManifest.xml:5:5-44
MERGED from [com.google.mlkit:vision-internal-vkp:18.2.2] AndroidManifest.xml:5:5-44
MERGED from [com.google.android.gms:play-services-mlkit-face-detection:17.0.1] AndroidManifest.xml:6:5-44
MERGED from [com.google.android.gms:play-services-mlkit-face-detection:17.0.1] AndroidManifest.xml:6:5-44
MERGED from [com.google.mlkit:object-detection-common:18.0.0] AndroidManifest.xml:5:5-44
MERGED from [com.google.mlkit:object-detection-common:18.0.0] AndroidManifest.xml:5:5-44
MERGED from [com.google.android.gms:play-services-mlkit-text-recognition:18.0.2] AndroidManifest.xml:6:5-44
MERGED from [com.google.android.gms:play-services-mlkit-text-recognition:18.0.2] AndroidManifest.xml:6:5-44
MERGED from [com.google.mlkit:text-recognition-bundled-common:16.0.0-beta6] AndroidManifest.xml:5:5-44
MERGED from [com.google.mlkit:text-recognition-bundled-common:16.0.0-beta6] AndroidManifest.xml:5:5-44
MERGED from [com.google.android.gms:play-services-mlkit-text-recognition-common:18.0.0] AndroidManifest.xml:6:5-44
MERGED from [com.google.android.gms:play-services-mlkit-text-recognition-common:18.0.0] AndroidManifest.xml:6:5-44
MERGED from [com.google.mlkit:image-labeling-default-common:17.0.0] AndroidManifest.xml:5:5-44
MERGED from [com.google.mlkit:image-labeling-default-common:17.0.0] AndroidManifest.xml:5:5-44
MERGED from [com.google.mlkit:image-labeling-custom-common:17.0.0] AndroidManifest.xml:5:5-44
MERGED from [com.google.mlkit:image-labeling-custom-common:17.0.0] AndroidManifest.xml:5:5-44
MERGED from [com.google.mlkit:image-labeling-common:18.0.0] AndroidManifest.xml:5:5-44
MERGED from [com.google.mlkit:image-labeling-common:18.0.0] AndroidManifest.xml:5:5-44
MERGED from [com.google.mlkit:mediapipe-internal:17.0.0-beta8] AndroidManifest.xml:6:5-44
MERGED from [com.google.mlkit:mediapipe-internal:17.0.0-beta8] AndroidManifest.xml:6:5-44
MERGED from [com.google.mlkit:barcode-scanning-common:17.0.0] AndroidManifest.xml:5:5-44
MERGED from [com.google.mlkit:barcode-scanning-common:17.0.0] AndroidManifest.xml:5:5-44
MERGED from [com.google.mlkit:vision-common:17.2.1] AndroidManifest.xml:6:5-44
MERGED from [com.google.mlkit:vision-common:17.2.1] AndroidManifest.xml:6:5-44
MERGED from [com.google.mlkit:common:18.5.0] AndroidManifest.xml:6:5-44
MERGED from [com.google.mlkit:common:18.5.0] AndroidManifest.xml:6:5-44
MERGED from [com.google.android.gms:play-services-base:18.1.0] AndroidManifest.xml:18:5-43
MERGED from [com.google.android.gms:play-services-base:18.1.0] AndroidManifest.xml:18:5-43
MERGED from [com.google.mlkit:vision-interfaces:16.1.0] AndroidManifest.xml:5:5-44
MERGED from [com.google.mlkit:vision-interfaces:16.1.0] AndroidManifest.xml:5:5-44
MERGED from [com.google.android.gms:play-services-tasks:18.0.2] AndroidManifest.xml:4:5-43
MERGED from [com.google.android.gms:play-services-tasks:18.0.2] AndroidManifest.xml:4:5-43
MERGED from [com.google.android.gms:play-services-basement:18.1.0] AndroidManifest.xml:18:5-43
MERGED from [com.google.android.gms:play-services-basement:18.1.0] AndroidManifest.xml:18:5-43
MERGED from [androidx.fragment:fragment:1.1.0] AndroidManifest.xml:20:5-22:41
MERGED from [androidx.fragment:fragment:1.1.0] AndroidManifest.xml:20:5-22:41
MERGED from [androidx.loader:loader:1.0.0] AndroidManifest.xml:20:5-44
MERGED from [androidx.loader:loader:1.0.0] AndroidManifest.xml:20:5-44
MERGED from [androidx.work:work-runtime:2.7.0] AndroidManifest.xml:21:5-23:41
MERGED from [androidx.work:work-runtime:2.7.0] AndroidManifest.xml:21:5-23:41
MERGED from [androidx.lifecycle:lifecycle-livedata:2.3.1] AndroidManifest.xml:20:5-22:41
MERGED from [androidx.lifecycle:lifecycle-livedata:2.3.1] AndroidManifest.xml:20:5-22:41
MERGED from [androidx.activity:activity:1.0.0] AndroidManifest.xml:20:5-22:41
MERGED from [androidx.activity:activity:1.0.0] AndroidManifest.xml:20:5-22:41
MERGED from [androidx.lifecycle:lifecycle-viewmodel:2.3.1] AndroidManifest.xml:20:5-22:41
MERGED from [androidx.lifecycle:lifecycle-viewmodel:2.3.1] AndroidManifest.xml:20:5-22:41
MERGED from [com.google.android.datatransport:transport-backend-cct:2.3.3] AndroidManifest.xml:19:5-21:41
MERGED from [com.google.android.datatransport:transport-backend-cct:2.3.3] AndroidManifest.xml:19:5-21:41
MERGED from [com.google.android.datatransport:transport-runtime:2.2.6] AndroidManifest.xml:18:5-20:41
MERGED from [com.google.android.datatransport:transport-runtime:2.2.6] AndroidManifest.xml:18:5-20:41
MERGED from [com.google.android.datatransport:transport-api:2.2.1] AndroidManifest.xml:18:5-20:41
MERGED from [com.google.android.datatransport:transport-api:2.2.1] AndroidManifest.xml:18:5-20:41
MERGED from [com.google.firebase:firebase-components:16.1.0] AndroidManifest.xml:19:5-21:41
MERGED from [com.google.firebase:firebase-components:16.1.0] AndroidManifest.xml:19:5-21:41
MERGED from [com.google.firebase:firebase-encoders-json:17.1.0] AndroidManifest.xml:19:5-21:41
MERGED from [com.google.firebase:firebase-encoders-json:17.1.0] AndroidManifest.xml:19:5-21:41
MERGED from [androidx.lifecycle:lifecycle-livedata-core:2.3.1] AndroidManifest.xml:20:5-22:41
MERGED from [androidx.lifecycle:lifecycle-livedata-core:2.3.1] AndroidManifest.xml:20:5-22:41
MERGED from [androidx.room:room-runtime:2.2.5] AndroidManifest.xml:20:5-22:41
MERGED from [androidx.room:room-runtime:2.2.5] AndroidManifest.xml:20:5-22:41
MERGED from [androidx.arch.core:core-runtime:2.1.0] AndroidManifest.xml:20:5-22:41
MERGED from [androidx.arch.core:core-runtime:2.1.0] AndroidManifest.xml:20:5-22:41
MERGED from [androidx.lifecycle:lifecycle-process:2.1.0] AndroidManifest.xml:20:5-44
MERGED from [androidx.lifecycle:lifecycle-process:2.1.0] AndroidManifest.xml:20:5-44
MERGED from [androidx.lifecycle:lifecycle-service:2.1.0] AndroidManifest.xml:20:5-44
MERGED from [androidx.lifecycle:lifecycle-service:2.1.0] AndroidManifest.xml:20:5-44
MERGED from [androidx.appcompat:appcompat-resources:1.2.0] AndroidManifest.xml:20:5-22:41
MERGED from [androidx.appcompat:appcompat-resources:1.2.0] AndroidManifest.xml:20:5-22:41
MERGED from [androidx.drawerlayout:drawerlayout:1.0.0] AndroidManifest.xml:20:5-44
MERGED from [androidx.drawerlayout:drawerlayout:1.0.0] AndroidManifest.xml:20:5-44
MERGED from [androidx.viewpager:viewpager:1.0.0] AndroidManifest.xml:20:5-44
MERGED from [androidx.viewpager:viewpager:1.0.0] AndroidManifest.xml:20:5-44
MERGED from [androidx.vectordrawable:vectordrawable-animated:1.1.0] AndroidManifest.xml:20:5-22:41
MERGED from [androidx.vectordrawable:vectordrawable-animated:1.1.0] AndroidManifest.xml:20:5-22:41
MERGED from [androidx.vectordrawable:vectordrawable:1.1.0] AndroidManifest.xml:20:5-22:41
MERGED from [androidx.vectordrawable:vectordrawable:1.1.0] AndroidManifest.xml:20:5-22:41
MERGED from [androidx.customview:customview:1.0.0] AndroidManifest.xml:20:5-44
MERGED from [androidx.customview:customview:1.0.0] AndroidManifest.xml:20:5-44
MERGED from [androidx.core:core:1.6.0] AndroidManifest.xml:20:5-22:41
MERGED from [androidx.core:core:1.6.0] AndroidManifest.xml:20:5-22:41
MERGED from [androidx.lifecycle:lifecycle-runtime:2.1.0] AndroidManifest.xml:20:5-44
MERGED from [androidx.lifecycle:lifecycle-runtime:2.1.0] AndroidManifest.xml:20:5-44
MERGED from [androidx.savedstate:savedstate:1.0.0] AndroidManifest.xml:20:5-22:41
MERGED from [androidx.savedstate:savedstate:1.0.0] AndroidManifest.xml:20:5-22:41
MERGED from [androidx.cursoradapter:cursoradapter:1.0.0] AndroidManifest.xml:20:5-44
MERGED from [androidx.cursoradapter:cursoradapter:1.0.0] AndroidManifest.xml:20:5-44
MERGED from [androidx.exifinterface:exifinterface:1.0.0] AndroidManifest.xml:20:5-44
MERGED from [androidx.exifinterface:exifinterface:1.0.0] AndroidManifest.xml:20:5-44
MERGED from [androidx.versionedparcelable:versionedparcelable:1.1.1] AndroidManifest.xml:20:5-22:41
MERGED from [androidx.versionedparcelable:versionedparcelable:1.1.1] AndroidManifest.xml:20:5-22:41
MERGED from [androidx.interpolator:interpolator:1.0.0] AndroidManifest.xml:20:5-44
MERGED from [androidx.interpolator:interpolator:1.0.0] AndroidManifest.xml:20:5-44
MERGED from [androidx.startup:startup-runtime:1.0.0] AndroidManifest.xml:21:5-23:41
MERGED from [androidx.startup:startup-runtime:1.0.0] AndroidManifest.xml:21:5-23:41
MERGED from [androidx.sqlite:sqlite-framework:2.1.0] AndroidManifest.xml:20:5-22:41
MERGED from [androidx.sqlite:sqlite-framework:2.1.0] AndroidManifest.xml:20:5-22:41
MERGED from [androidx.sqlite:sqlite:2.1.0] AndroidManifest.xml:20:5-22:41
MERGED from [androidx.sqlite:sqlite:2.1.0] AndroidManifest.xml:20:5-22:41
MERGED from [androidx.tracing:tracing:1.0.0] AndroidManifest.xml:20:5-22:41
MERGED from [androidx.tracing:tracing:1.0.0] AndroidManifest.xml:20:5-22:41
MERGED from [com.google.android.odml:image:1.0.0-beta1] AndroidManifest.xml:5:5-44
MERGED from [com.google.android.odml:image:1.0.0-beta1] AndroidManifest.xml:5:5-44
MERGED from [androidx.annotation:annotation-experimental:1.1.0] AndroidManifest.xml:20:5-22:41
MERGED from [androidx.annotation:annotation-experimental:1.1.0] AndroidManifest.xml:20:5-22:41
INJECTED from src\main\AndroidManifest.xml:11:5-14:63
INJECTED from src\main\AndroidManifest.xml:11:5-14:63
	tools:overrideLibrary
		ADDED from src\main\AndroidManifest.xml:11:5-14:63
	android:targetSdkVersion
		INJECTED from src\main\AndroidManifest.xml
		ADDED from src\main\AndroidManifest.xml:11:5-14:63
		INJECTED from src\main\AndroidManifest.xml
	android:minSdkVersion
		INJECTED from src\main\AndroidManifest.xml
		ADDED from src\main\AndroidManifest.xml:11:5-14:63
		INJECTED from src\main\AndroidManifest.xml
uses-feature#android.hardware.camera
ADDED from src\main\AndroidManifest.xml:16:5-59
	android:name
		ADDED from src\main\AndroidManifest.xml:16:19-57
uses-permission#android.permission.INTERNET
ADDED from src\main\AndroidManifest.xml:18:5-66
MERGED from [com.google.mlkit:pose-detection-common:18.0.0-beta3] AndroidManifest.xml:8:5-67
MERGED from [com.google.mlkit:pose-detection-common:18.0.0-beta3] AndroidManifest.xml:8:5-67
MERGED from [com.google.mlkit:object-detection:17.0.0] AndroidManifest.xml:8:5-67
MERGED from [com.google.mlkit:object-detection:17.0.0] AndroidManifest.xml:8:5-67
MERGED from [com.google.mlkit:vision-internal-vkp:18.2.2] AndroidManifest.xml:8:5-67
MERGED from [com.google.mlkit:vision-internal-vkp:18.2.2] AndroidManifest.xml:8:5-67
MERGED from [com.google.android.datatransport:transport-backend-cct:2.3.3] AndroidManifest.xml:26:5-67
MERGED from [com.google.android.datatransport:transport-backend-cct:2.3.3] AndroidManifest.xml:26:5-67
	android:name
		ADDED from src\main\AndroidManifest.xml:18:22-64
uses-permission#android.permission.WRITE_EXTERNAL_STORAGE
ADDED from src\main\AndroidManifest.xml:19:5-80
	android:name
		ADDED from src\main\AndroidManifest.xml:19:22-78
uses-permission#android.permission.READ_EXTERNAL_STORAGE
ADDED from src\main\AndroidManifest.xml:20:5-79
	android:name
		ADDED from src\main\AndroidManifest.xml:20:22-77
uses-permission#android.permission.CAMERA
ADDED from src\main\AndroidManifest.xml:21:5-64
	android:name
		ADDED from src\main\AndroidManifest.xml:21:22-62
application
ADDED from src\main\AndroidManifest.xml:23:5-111:19
MERGED from [com.google.mlkit:pose-detection:18.0.0-beta3] AndroidManifest.xml:7:5-20
MERGED from [com.google.mlkit:pose-detection:18.0.0-beta3] AndroidManifest.xml:7:5-20
MERGED from [com.google.mlkit:pose-detection-accurate:18.0.0-beta3] AndroidManifest.xml:7:5-20
MERGED from [com.google.mlkit:pose-detection-accurate:18.0.0-beta3] AndroidManifest.xml:7:5-20
MERGED from [com.google.mlkit:pose-detection-common:18.0.0-beta3] AndroidManifest.xml:10:5-33:19
MERGED from [com.google.mlkit:pose-detection-common:18.0.0-beta3] AndroidManifest.xml:10:5-33:19
MERGED from [com.google.mlkit:acceleration:16.0.0-beta1] AndroidManifest.xml:7:5-12:19
MERGED from [com.google.mlkit:acceleration:16.0.0-beta1] AndroidManifest.xml:7:5-12:19
MERGED from [androidx.work:work-multiprocess:2.7.0] AndroidManifest.xml:24:5-28:19
MERGED from [androidx.work:work-multiprocess:2.7.0] AndroidManifest.xml:24:5-28:19
MERGED from [com.google.mlkit:object-detection:17.0.0] AndroidManifest.xml:10:5-18:19
MERGED from [com.google.mlkit:object-detection:17.0.0] AndroidManifest.xml:10:5-18:19
MERGED from [com.google.mlkit:object-detection-custom:17.0.0] AndroidManifest.xml:7:5-15:19
MERGED from [com.google.mlkit:object-detection-custom:17.0.0] AndroidManifest.xml:7:5-15:19
MERGED from [com.google.mlkit:image-labeling:17.0.7] AndroidManifest.xml:7:5-15:19
MERGED from [com.google.mlkit:image-labeling:17.0.7] AndroidManifest.xml:7:5-15:19
MERGED from [com.google.mlkit:image-labeling-custom:17.0.1] AndroidManifest.xml:7:5-15:19
MERGED from [com.google.mlkit:image-labeling-custom:17.0.1] AndroidManifest.xml:7:5-15:19
MERGED from [com.google.mlkit:segmentation-selfie:16.0.0-beta4] AndroidManifest.xml:8:5-16:19
MERGED from [com.google.mlkit:segmentation-selfie:16.0.0-beta4] AndroidManifest.xml:8:5-16:19
MERGED from [com.google.mlkit:face-mesh-detection:16.0.0-beta1] AndroidManifest.xml:7:5-15:19
MERGED from [com.google.mlkit:face-mesh-detection:16.0.0-beta1] AndroidManifest.xml:7:5-15:19
MERGED from [androidx.lifecycle:lifecycle-extensions:2.1.0] AndroidManifest.xml:22:5-23:19
MERGED from [androidx.lifecycle:lifecycle-extensions:2.1.0] AndroidManifest.xml:22:5-23:19
MERGED from [androidx.constraintlayout:constraintlayout:2.0.4] AndroidManifest.xml:9:5-20
MERGED from [androidx.constraintlayout:constraintlayout:2.0.4] AndroidManifest.xml:9:5-20
MERGED from [com.google.android.gms:play-services-mlkit-barcode-scanning:18.0.0] AndroidManifest.xml:8:5-16:19
MERGED from [com.google.android.gms:play-services-mlkit-barcode-scanning:18.0.0] AndroidManifest.xml:8:5-16:19
MERGED from [com.google.mlkit:vision-internal-vkp:18.2.2] AndroidManifest.xml:10:5-18:19
MERGED from [com.google.mlkit:vision-internal-vkp:18.2.2] AndroidManifest.xml:10:5-18:19
MERGED from [com.google.android.gms:play-services-mlkit-face-detection:17.0.1] AndroidManifest.xml:8:5-16:19
MERGED from [com.google.android.gms:play-services-mlkit-face-detection:17.0.1] AndroidManifest.xml:8:5-16:19
MERGED from [com.google.android.gms:play-services-mlkit-text-recognition-common:18.0.0] AndroidManifest.xml:8:5-16:19
MERGED from [com.google.android.gms:play-services-mlkit-text-recognition-common:18.0.0] AndroidManifest.xml:8:5-16:19
MERGED from [com.google.mlkit:vision-common:17.2.1] AndroidManifest.xml:8:5-16:19
MERGED from [com.google.mlkit:vision-common:17.2.1] AndroidManifest.xml:8:5-16:19
MERGED from [com.google.mlkit:common:18.5.0] AndroidManifest.xml:8:5-24:19
MERGED from [com.google.mlkit:common:18.5.0] AndroidManifest.xml:8:5-24:19
MERGED from [com.google.android.gms:play-services-base:18.1.0] AndroidManifest.xml:19:5-23:19
MERGED from [com.google.android.gms:play-services-base:18.1.0] AndroidManifest.xml:19:5-23:19
MERGED from [com.google.android.gms:play-services-tasks:18.0.2] AndroidManifest.xml:5:5-20
MERGED from [com.google.android.gms:play-services-tasks:18.0.2] AndroidManifest.xml:5:5-20
MERGED from [com.google.android.gms:play-services-basement:18.1.0] AndroidManifest.xml:20:5-24:19
MERGED from [com.google.android.gms:play-services-basement:18.1.0] AndroidManifest.xml:20:5-24:19
MERGED from [androidx.work:work-runtime:2.7.0] AndroidManifest.xml:30:5-143:19
MERGED from [androidx.work:work-runtime:2.7.0] AndroidManifest.xml:30:5-143:19
MERGED from [com.google.android.datatransport:transport-backend-cct:2.3.3] AndroidManifest.xml:28:5-36:19
MERGED from [com.google.android.datatransport:transport-backend-cct:2.3.3] AndroidManifest.xml:28:5-36:19
MERGED from [com.google.android.datatransport:transport-runtime:2.2.6] AndroidManifest.xml:25:5-39:19
MERGED from [com.google.android.datatransport:transport-runtime:2.2.6] AndroidManifest.xml:25:5-39:19
MERGED from [androidx.room:room-runtime:2.2.5] AndroidManifest.xml:24:5-29:19
MERGED from [androidx.room:room-runtime:2.2.5] AndroidManifest.xml:24:5-29:19
MERGED from [androidx.lifecycle:lifecycle-process:2.1.0] AndroidManifest.xml:22:5-28:19
MERGED from [androidx.lifecycle:lifecycle-process:2.1.0] AndroidManifest.xml:22:5-28:19
MERGED from [androidx.core:core:1.6.0] AndroidManifest.xml:24:5-89